<?xml version="1.0" encoding="UTF-8"?>
<!-- Generated by org.testng.reporters.JUnitXMLReporter -->
<testsuite ignored="2" hostname="DESKTOP-56HO2UA" failures="0" tests="8" name="Test2" time="11.441" errors="0" timestamp="2023-11-23T15:07:34 IST">
  <testcase classname="com.TestNG.Practice" name="practice1" time="0.02"/>
  <testcase classname="com.TestNG.Practice" name="practice1" time="0.008"/>
  <testcase classname="com.TestNG.Practice" name="practice2" time="0.012"/>
  <testcase classname="com.TestNG.Practice" name="practice2" time="0.005"/>
  <testcase classname="com.TestNG.Demo" name="demo1" time="0.007"/>
  <testcase classname="com.TestNG.Demo" name="demo1" time="0.01"/>
  <testcase classname="com.TestNG.Demo" name="demo2" time="0.004"/>
  <testcase classname="com.TestNG.Demo" name="demo2" time="0.002"/>
  <testcase classname="com.realestatespotpotter.GenericUtilis.BaseClass" name="@BeforeSuite config_BS" time="0.0">
    <ignored/>
  </testcase> <!-- @BeforeSuite config_BS -->
  <testcase classname="com.realestatespotpotter.GenericUtilis.BaseClass" name="@AfterSuite config_AS" time="0.0">
    <ignored/>
  </testcase> <!-- @AfterSuite config_AS -->
</testsuite> <!-- Test2 -->
